[2026-05-13T20:31:39.218Z] Starting ARC Points bot...
[2026-05-13T20:31:40.985Z] Navigating to community.arc.network...
[2026-05-13T20:31:46.426Z] Attempting login...
[2026-05-13T20:31:56.428Z] ERROR: locator.waitFor: Timeout 10000ms exceeded.
Call log:
  - waiting for locator('input[type="email"], input[name="email"], input[placeholder*="email"]').first() to be visible

[2026-05-13T20:31:56.578Z] Screenshot saved to logs/error.png
[2026-05-14T10:03:13.226Z] Starting ARC Points bot...
[2026-05-14T10:03:13.428Z] Navigating to community.arc.network...
[2026-05-14T10:03:18.488Z] Attempting login...
[2026-05-14T10:03:28.489Z] ERROR: locator.waitFor: Timeout 10000ms exceeded.
Call log:
  - waiting for locator('input[type="email"], input[name="email"], input[placeholder*="email"]').first() to be visible

[2026-05-14T10:03:28.639Z] Screenshot saved to logs/error.png
[2026-05-15T10:10:32.743Z] Starting ARC Points bot...
[2026-05-15T10:10:33.570Z] Navigating to community.arc.network...
[2026-05-15T10:10:40.306Z] Attempting login...
[2026-05-15T10:10:50.308Z] ERROR: locator.waitFor: Timeout 10000ms exceeded.
Call log:
  - waiting for locator('input[type="email"], input[name="email"], input[placeholder*="email"]').first() to be visible

[2026-05-15T10:10:50.482Z] Screenshot saved to logs/error.png
[2026-05-16T09:17:55.652Z] Starting ARC Points bot...
[2026-05-16T09:17:57.707Z] Navigating to community.arc.network...
[2026-05-16T09:18:03.612Z] Attempting login...
[2026-05-16T09:18:13.613Z] ERROR: locator.waitFor: Timeout 10000ms exceeded.
Call log:
  - waiting for locator('input[type="email"], input[name="email"], input[placeholder*="email"]').first() to be visible

[2026-05-16T09:18:13.793Z] Screenshot saved to logs/error.png
[2026-05-17T09:25:59.282Z] Starting ARC Points bot...
[2026-05-17T09:25:59.999Z] Navigating to community.arc.network...
[2026-05-17T09:26:06.837Z] Attempting login...
[2026-05-17T09:26:16.839Z] ERROR: locator.waitFor: Timeout 10000ms exceeded.
Call log:
  - waiting for locator('input[type="email"], input[name="email"], input[placeholder*="email"]').first() to be visible

[2026-05-17T09:26:16.984Z] Screenshot saved to logs/error.png
